<?xml version="1.0" encoding="UTF-8"?>
<!-- Generated by org.testng.reporters.JUnitReportReporter -->
<testsuite hostname="DESKTOP-UEVOJ1F" failures="0" tests="4" name="day1.HTTPRequests" time="6.793" errors="0" timestamp="2023-02-15T18:45:05 BDT" skipped="0">
  <testcase classname="day1.HTTPRequests" name="getUsers" time="4.504"/>
  <system-out/>
  <testcase classname="day1.HTTPRequests" name="createUser" time="1.105"/>
  <system-out/>
  <testcase classname="day1.HTTPRequests" name="updateUser" time="0.602"/>
  <system-out/>
  <testcase classname="day1.HTTPRequests" name="deleteUser" time="0.582"/>
  <system-out/>
</testsuite> <!-- day1.HTTPRequests -->
